<?xml version="1.0" encoding="UTF-8"?>
<!-- Generated by org.testng.reporters.JUnitReportReporter -->
<testsuite hostname="Omi" failures="0" tests="1" name="com.hrmsProject.Runner.RunnerFailedTC" time="3.312" errors="0" timestamp="2025-04-19T00:00:56 IST" skipped="0">
  <testcase classname="com.hrmsProject.Runner.RunnerFailedTC" name="runScenario" time="3.312"/>
  <system-out/>
</testsuite> <!-- com.hrmsProject.Runner.RunnerFailedTC -->
